#
# A fatal error has been detected by the Java Runtime Environment:
#
#  SIGSEGV (0xb) at pc=0x00000001084232b0, pid=2738, tid=17155
#
# JRE version: Java(TM) SE Runtime Environment (8.0_25-b17) (build 1.8.0_25-b17)
# Java VM: Java HotSpot(TM) 64-Bit Server VM (25.25-b02 mixed mode bsd-amd64 compressed oops)
# Problematic frame:
# V  [libjvm.dylib+0x4232b0]
#
# Failed to write core dump. Core dumps have been disabled. To enable core dumping, try "ulimit -c unlimited" before starting Java again
#
# If you would like to submit a bug report, please visit:
#   http://bugreport.sun.com/bugreport/crash.jsp
#

---------------  T H R E A D  ---------------

Current thread (0x00007ff24c002800):  JavaThread "JDWP Transport Listener: dt_socket" daemon [_thread_in_vm, id=17155, stack(0x0000700000b3b000,0x0000700000c3b000)]

siginfo: si_signo: 11 (SIGSEGV), si_code: 0 (unknown), si_addr: 0x0000000000000000

Registers:
RAX=0x0000000000000001, RBX=0x0000700000c3aa8b, RCX=0x00000001087d6c80, RDX=0x0000700000c3aa8b
RSP=0x0000700000c3a9d0, RBP=0x0000700000c3a9e0, RSI=0x00007ff24c002800, RDI=0x0003000000000000
R8 =0x0000000000000000, R9 =0x00007ff24b459ef0, R10=0x00000000817b791b, R11=0x00007ff24b400000
R12=0x00007ff24c002800, R13=0x0003000000000000, R14=0x0003000000000000, R15=0x00007ff24b500f30
RIP=0x00000001084232b0, EFLAGS=0x0000000000010206, ERR=0x0000000000000000
  TRAPNO=0x000000000000000d

Top of Stack: (sp=0x0000700000c3a9d0)
0x0000700000c3a9d0:   0000700000c3aa8b 0000700000c3aa8b
0x0000700000c3a9e0:   0000700000c3aa40 000000010833526e
0x0000700000c3a9f0:   00007ff24c002800 0000000000000000
0x0000700000c3aa00:   0000000000000000 0000000000000000
0x0000700000c3aa10:   00007ff24c002800 00007ff24c002800
0x0000700000c3aa20:   0000700000c3aa8b 0000700000c3aa90
0x0000700000c3aa30:   0003000000000000 0000000000000005
0x0000700000c3aa40:   0000700000c3aa60 000000010769b7dc
0x0000700000c3aa50:   0000000000000001 0000700000c3ab08
0x0000700000c3aa60:   0000700000c3aad0 0000000107680263
0x0000700000c3aa70:   0000700000c3aaa0 00007ff24b459700
0x0000700000c3aa80:   0000000600000032 0000000900c3ab08
0x0000700000c3aa90:   0000000000000000 0000000000000000
0x0000700000c3aaa0:   0000000000000000 0000700000c3ac90
0x0000700000c3aab0:   00000001076a2eca 00007ff24b7221d0
0x0000700000c3aac0:   0000700000c3ab08 00000001076ae588
0x0000700000c3aad0:   0000700000c3aae0 000000010768035c
0x0000700000c3aae0:   0000700000c3ad00 00000001076898f6
0x0000700000c3aaf0:   0000098600000013 00000000000f0200
0x0000700000c3ab00:   00007ff24b7220d0 0000700000c3ac24
0x0000700000c3ab10:   00007ff200000060 0000700000c3ab20
0x0000700000c3ab20:   00000000000000cc 0000700000c3ab58
0x0000700000c3ab30:   0000000000000000 0000000000000000
0x0000700000c3ab40:   0000098600000030 00007fff00000380
0x0000700000c3ab50:   0000700000c3ab58 f27f000006000000
0x0000700000c3ab60:   0600000020d9504b 00003e74696e693c
0x0000700000c3ab70:   0056294949280500 0001000000000000
0x0000700000c3ab80:   0030d9504bf27f00 0000746573030000
0x0000700000c3ab90:   56295a4949280600 0100000000000000
0x0000700000c3aba0:   38d9504bf27f0000 6e756f6308000000
0x0000700000c3abb0:   0300000078614d74 0000000000492928
0x0000700000c3abc0:   4bf27f0000010000 631200000040d950 

Instructions: (pc=0x00000001084232b0)
0x0000000108423290:   40 48 48 85 c0 75 e0 30 c0 0f b6 c0 5d c3 31 c0
0x00000001084232a0:   5d c3 55 48 89 e5 53 48 83 ec 08 48 85 ff 74 24
0x00000001084232b0:   48 8b 1f 48 85 db 74 1c 48 83 fb 37 74 16 48 8b
0x00000001084232c0:   03 48 89 df ff 50 10 84 c0 b8 00 00 00 00 48 0f 

Register to memory mapping:

RAX=0x0000000000000001 is an unknown value
RBX=0x0000700000c3aa8b is pointing into the stack for thread: 0x00007ff24c002800
RCX=0x00000001087d6c80: UseMembar+0 in /Library/Java/JavaVirtualMachines/jdk1.8.0_25.jdk/Contents/Home/jre/lib/server/libjvm.dylib at 0x0000000108000000
RDX=0x0000700000c3aa8b is pointing into the stack for thread: 0x00007ff24c002800
RSP=0x0000700000c3a9d0 is pointing into the stack for thread: 0x00007ff24c002800
RBP=0x0000700000c3a9e0 is pointing into the stack for thread: 0x00007ff24c002800
RSI=0x00007ff24c002800 is a thread
RDI=0x0003000000000000 is an unknown value
R8 =0x0000000000000000 is an unknown value
R9 =0x00007ff24b459ef0 is an unknown value
R10=0x00000000817b791b is an unknown value
R11=0x00007ff24b400000 is an unknown value
R12=0x00007ff24c002800 is a thread
R13=0x0003000000000000 is an unknown value
R14=0x0003000000000000 is an unknown value
R15=0x00007ff24b500f30 is an unknown value


Stack: [0x0000700000b3b000,0x0000700000c3b000],  sp=0x0000700000c3a9d0,  free space=1022k
Native frames: (J=compiled Java code, j=interpreted, Vv=VM code, C=native code)
V  [libjvm.dylib+0x4232b0]
V  [libjvm.dylib+0x33526e]
C  [libjdwp.dylib+0x207dc]  isMethodSynthetic+0x63
C  [libjdwp.dylib+0x5263]  methods1+0x10b
C  [libjdwp.dylib+0x535c]  methodsWithGeneric+0xe
C  [libjdwp.dylib+0xe8f6]  debugLoop_run+0x1ce
C  [libjdwp.dylib+0x1f716]  attachThread+0x4d
V  [libjvm.dylib+0x3762ce]
V  [libjvm.dylib+0x535ed9]
V  [libjvm.dylib+0x53761c]
V  [libjvm.dylib+0x45d87e]
C  [libsystem_pthread.dylib+0x3c13]  _pthread_body+0x83
C  [libsystem_pthread.dylib+0x3b90]  _pthread_body+0x0
C  [libsystem_pthread.dylib+0x1375]  thread_start+0xd
C  0x0000000000000000


---------------  P R O C E S S  ---------------

Java Threads: ( => current thread )
  0x00007ff24d012800 JavaThread "Service Thread" daemon [_thread_blocked, id=20227, stack(0x000070000114d000,0x000070000124d000)]
  0x00007ff24c004000 JavaThread "C1 CompilerThread2" daemon [_thread_blocked, id=19715, stack(0x000070000104a000,0x000070000114a000)]
  0x00007ff24d00f800 JavaThread "C2 CompilerThread1" daemon [_thread_blocked, id=19203, stack(0x0000700000f47000,0x0000700001047000)]
  0x00007ff24d00f000 JavaThread "C2 CompilerThread0" daemon [_thread_blocked, id=18691, stack(0x0000700000e44000,0x0000700000f44000)]
  0x00007ff24c003800 JavaThread "JDWP Command Reader" daemon [_thread_in_native, id=18179, stack(0x0000700000d41000,0x0000700000e41000)]
  0x00007ff24b898000 JavaThread "JDWP Event Helper Thread" daemon [_thread_blocked, id=17667, stack(0x0000700000c3e000,0x0000700000d3e000)]
=>0x00007ff24c002800 JavaThread "JDWP Transport Listener: dt_socket" daemon [_thread_in_vm, id=17155, stack(0x0000700000b3b000,0x0000700000c3b000)]
  0x00007ff24b897800 JavaThread "Signal Dispatcher" daemon [_thread_blocked, id=12815, stack(0x0000700000a38000,0x0000700000b38000)]
  0x00007ff24b880000 JavaThread "Finalizer" daemon [_thread_blocked, id=12291, stack(0x000070000082f000,0x000070000092f000)]
  0x00007ff24b87f800 JavaThread "Reference Handler" daemon [_thread_blocked, id=11779, stack(0x000070000072c000,0x000070000082c000)]
  0x00007ff24d000800 JavaThread "main" [_thread_blocked, id=5891, stack(0x000070000011a000,0x000070000021a000)]

Other Threads:
  0x00007ff24b87a800 VMThread [stack: 0x0000700000629000,0x0000700000729000] [id=11267]
  0x00007ff24c005000 WatcherThread [stack: 0x0000700001250000,0x0000700001350000] [id=20739]

VM state:not at safepoint (normal execution)

VM Mutex/Monitor currently owned by a thread: None

Heap:
 PSYoungGen      total 18944K, used 2294K [0x00000007aab00000, 0x00000007ac000000, 0x00000007c0000000)
  eden space 16384K, 14% used [0x00000007aab00000,0x00000007aad3d9e8,0x00000007abb00000)
  from space 2560K, 0% used [0x00000007abd80000,0x00000007abd80000,0x00000007ac000000)
  to   space 2560K, 0% used [0x00000007abb00000,0x00000007abb00000,0x00000007abd80000)
 ParOldGen       total 44032K, used 0K [0x0000000780000000, 0x0000000782b00000, 0x00000007aab00000)
  object space 44032K, 0% used [0x0000000780000000,0x0000000780000000,0x0000000782b00000)
 Metaspace       used 2825K, capacity 4564K, committed 4864K, reserved 1056768K
  class space    used 302K, capacity 388K, committed 512K, reserved 1048576K

Card table byte_map: [0x00000001182dc000,0x00000001184dd000] byte_map_base: 0x00000001146dc000

Marking Bits: (ParMarkBitMap*) 0x000000010889d390
 Begin Bits: [0x0000000118633000, 0x0000000119633000)
 End Bits:   [0x0000000119633000, 0x000000011a633000)

Polling page: 0x000000010767a000

CodeCache: size=245760Kb used=1185Kb max_used=1185Kb free=244574Kb
 bounds [0x0000000108f1c000, 0x000000010918c000, 0x0000000117f1c000]
 total_blobs=296 nmethods=69 adapters=150
 compilation: enabled

Compilation events (10 events):
Event: 0.754 Thread 0x00007ff24c004000   65       3       java.lang.ref.Reference::<init> (25 bytes)
Event: 0.755 Thread 0x00007ff24c004000 nmethod 65 0x00000001090431d0 code [0x0000000109043340, 0x0000000109043590]
Event: 0.755 Thread 0x00007ff24c004000   66       1       sun.util.calendar.CalendarDate::isNormalized (5 bytes)
Event: 0.755 Thread 0x00007ff24c004000 nmethod 66 0x000000010903fa90 code [0x000000010903fbe0, 0x000000010903fcf0]
Event: 0.757 Thread 0x00007ff24c004000   67       3       java.util.HashMap$Node::<init> (26 bytes)
Event: 0.757 Thread 0x00007ff24c004000 nmethod 67 0x0000000109043650 code [0x00000001090437c0, 0x00000001090439b0]
Event: 0.760 Thread 0x00007ff24c004000   68       3       java.io.UnixFileSystem::prefixLength (25 bytes)
Event: 0.761 Thread 0x00007ff24c004000 nmethod 68 0x0000000109043cd0 code [0x0000000109043e80, 0x0000000109044348]
Event: 976.250 Thread 0x00007ff24c004000   69       3       java.lang.String::lastIndexOf (13 bytes)
Event: 976.250 Thread 0x00007ff24c004000 nmethod 69 0x0000000109044550 code [0x00000001090446c0, 0x00000001090448e8]

GC Heap History (0 events):
No events

Deoptimization events (0 events):
No events

Internal exceptions (10 events):
Event: 0.743 Thread 0x00007ff24d000800 Exception <a 'java/util/zip/ZipException'> (0x00000007aacd85b8) thrown at [/HUDSON3/workspace/8-2-build-macosx-x86_64/jdk8u25/1514/hotspot/src/share/vm/prims/jni.cpp, line 716]
Event: 0.743 Thread 0x00007ff24d000800 Exception <a 'java/security/PrivilegedActionException'> (0x00000007aacd8768) thrown at [/HUDSON3/workspace/8-2-build-macosx-x86_64/jdk8u25/1514/hotspot/src/share/vm/prims/jvm.cpp, line 1312]
Event: 0.743 Thread 0x00007ff24d000800 Exception <a 'java/security/PrivilegedActionException'> (0x00000007aacd8920) thrown at [/HUDSON3/workspace/8-2-build-macosx-x86_64/jdk8u25/1514/hotspot/src/share/vm/prims/jvm.cpp, line 1312]
Event: 0.744 Thread 0x00007ff24d000800 Exception <a 'java/util/zip/ZipException'> (0x00000007aacd9648) thrown at [/HUDSON3/workspace/8-2-build-macosx-x86_64/jdk8u25/1514/hotspot/src/share/vm/prims/jni.cpp, line 716]
Event: 0.744 Thread 0x00007ff24d000800 Exception <a 'java/security/PrivilegedActionException'> (0x00000007aacd97f8) thrown at [/HUDSON3/workspace/8-2-build-macosx-x86_64/jdk8u25/1514/hotspot/src/share/vm/prims/jvm.cpp, line 1312]
Event: 0.744 Thread 0x00007ff24d000800 Exception <a 'java/security/PrivilegedActionException'> (0x00000007aacd99b0) thrown at [/HUDSON3/workspace/8-2-build-macosx-x86_64/jdk8u25/1514/hotspot/src/share/vm/prims/jvm.cpp, line 1312]
Event: 0.747 Thread 0x00007ff24d000800 Exception <a 'java/util/zip/ZipException'> (0x00000007aaceb5d0) thrown at [/HUDSON3/workspace/8-2-build-macosx-x86_64/jdk8u25/1514/hotspot/src/share/vm/prims/jni.cpp, line 716]
Event: 0.747 Thread 0x00007ff24d000800 Exception <a 'java/security/PrivilegedActionException'> (0x00000007aaceb780) thrown at [/HUDSON3/workspace/8-2-build-macosx-x86_64/jdk8u25/1514/hotspot/src/share/vm/prims/jvm.cpp, line 1312]
Event: 0.747 Thread 0x00007ff24d000800 Exception <a 'java/security/PrivilegedActionException'> (0x00000007aaceb938) thrown at [/HUDSON3/workspace/8-2-build-macosx-x86_64/jdk8u25/1514/hotspot/src/share/vm/prims/jvm.cpp, line 1312]
Event: 0.747 Thread 0x00007ff24d000800 Exception <a 'java/security/PrivilegedActionException'> (0x00000007aacebce8) thrown at [/HUDSON3/workspace/8-2-build-macosx-x86_64/jdk8u25/1514/hotspot/src/share/vm/prims/jvm.cpp, line 1312]

Events (10 events):
Event: 239.980 Executing VM operation: GetOrSetLocal
Event: 239.981 Executing VM operation: GetOrSetLocal done
Event: 976.248 loading class java/util/concurrent/ConcurrentHashMap$ForwardingNode
Event: 976.248 loading class java/util/concurrent/ConcurrentHashMap$ForwardingNode done
Event: 976.249 loading class java/lang/IllegalStateException
Event: 976.249 loading class java/lang/IllegalStateException done
Event: 976.249 Executing VM operation: RedefineClasses
Event: 976.250 Executing VM operation: RedefineClasses done
Event: 976.251 Executing VM operation: GetOrSetLocal
Event: 976.251 Executing VM operation: GetOrSetLocal done


Dynamic libraries:
0x000000000a927000 	/System/Library/Frameworks/Cocoa.framework/Versions/A/Cocoa
0x000000000a927000 	/System/Library/Frameworks/Security.framework/Versions/A/Security
0x000000000a927000 	/System/Library/Frameworks/ApplicationServices.framework/Versions/A/ApplicationServices
0x000000000a927000 	/usr/lib/libz.1.dylib
0x000000000a927000 	/usr/lib/libSystem.B.dylib
0x000000000a927000 	/usr/lib/libobjc.A.dylib
0x000000000a927000 	/System/Library/Frameworks/CoreFoundation.framework/Versions/A/CoreFoundation
0x000000000a927000 	/System/Library/Frameworks/Foundation.framework/Versions/C/Foundation
0x000000000a927000 	/System/Library/Frameworks/AppKit.framework/Versions/C/AppKit
0x000000000a927000 	/System/Library/Frameworks/CoreData.framework/Versions/A/CoreData
0x000000000a927000 	/System/Library/PrivateFrameworks/RemoteViewServices.framework/Versions/A/RemoteViewServices
0x000000000a927000 	/System/Library/PrivateFrameworks/UIFoundation.framework/Versions/A/UIFoundation
0x000000000a927000 	/usr/lib/libScreenReader.dylib
0x000000000a927000 	/System/Library/Frameworks/Accelerate.framework/Versions/A/Accelerate
0x000000000a927000 	/System/Library/Frameworks/IOSurface.framework/Versions/A/IOSurface
0x000000000a927000 	/System/Library/Frameworks/AudioToolbox.framework/Versions/A/AudioToolbox
0x000000000a927000 	/System/Library/Frameworks/AudioUnit.framework/Versions/A/AudioUnit
0x000000000a927000 	/System/Library/PrivateFrameworks/DataDetectorsCore.framework/Versions/A/DataDetectorsCore
0x000000000a927000 	/System/Library/PrivateFrameworks/DesktopServicesPriv.framework/Versions/A/DesktopServicesPriv
0x000000000a927000 	/System/Library/Frameworks/Carbon.framework/Versions/A/Frameworks/HIToolbox.framework/Versions/A/HIToolbox
0x000000000a927000 	/System/Library/Frameworks/QuartzCore.framework/Versions/A/QuartzCore
0x000000000a927000 	/System/Library/Frameworks/Carbon.framework/Versions/A/Frameworks/SpeechRecognition.framework/Versions/A/SpeechRecognition
0x000000000a927000 	/usr/lib/libauto.dylib
0x000000000a927000 	/usr/lib/libicucore.A.dylib
0x000000000a927000 	/usr/lib/libxml2.2.dylib
0x000000000a927000 	/System/Library/PrivateFrameworks/CoreUI.framework/Versions/A/CoreUI
0x000000000a927000 	/System/Library/Frameworks/CoreAudio.framework/Versions/A/CoreAudio
0x000000000a927000 	/System/Library/Frameworks/DiskArbitration.framework/Versions/A/DiskArbitration
0x000000000a927000 	/usr/lib/liblangid.dylib
0x000000000a927000 	/System/Library/PrivateFrameworks/MultitouchSupport.framework/Versions/A/MultitouchSupport
0x000000000a927000 	/System/Library/Frameworks/IOKit.framework/Versions/A/IOKit
0x000000000a927000 	/usr/lib/libDiagnosticMessagesClient.dylib
0x000000000a927000 	/System/Library/Frameworks/CoreServices.framework/Versions/A/CoreServices
0x000000000a927000 	/System/Library/PrivateFrameworks/PerformanceAnalysis.framework/Versions/A/PerformanceAnalysis
0x000000000a927000 	/System/Library/PrivateFrameworks/GenerationalStorage.framework/Versions/A/GenerationalStorage
0x000000000a927000 	/System/Library/Frameworks/OpenGL.framework/Versions/A/OpenGL
0x000000000a927000 	/System/Library/PrivateFrameworks/Sharing.framework/Versions/A/Sharing
0x000000000a927000 	/System/Library/Frameworks/CoreGraphics.framework/Versions/A/CoreGraphics
0x000000000a927000 	/System/Library/Frameworks/CoreImage.framework/Versions/A/CoreImage
0x000000000a927000 	/System/Library/Frameworks/CoreText.framework/Versions/A/CoreText
0x000000000a927000 	/System/Library/Frameworks/ImageIO.framework/Versions/A/ImageIO
0x000000000a927000 	/System/Library/PrivateFrameworks/Backup.framework/Versions/A/Backup
0x000000000a927000 	/usr/lib/libextension.dylib
0x000000000a927000 	/usr/lib/libarchive.2.dylib
0x000000000a927000 	/System/Library/Frameworks/CFNetwork.framework/Versions/A/CFNetwork
0x000000000a927000 	/System/Library/Frameworks/SystemConfiguration.framework/Versions/A/SystemConfiguration
0x000000000a927000 	/usr/lib/libCRFSuite.dylib
0x000000000a927000 	/usr/lib/libc++.1.dylib
0x000000000a927000 	/usr/lib/libc++abi.dylib
0x000000000a927000 	/usr/lib/system/libcache.dylib
0x000000000a927000 	/usr/lib/system/libcommonCrypto.dylib
0x000000000a927000 	/usr/lib/system/libcompiler_rt.dylib
0x000000000a927000 	/usr/lib/system/libcopyfile.dylib
0x000000000a927000 	/usr/lib/system/libcorecrypto.dylib
0x000000000a927000 	/usr/lib/system/libdispatch.dylib
0x000000000a927000 	/usr/lib/system/libdyld.dylib
0x000000000a927000 	/usr/lib/system/libkeymgr.dylib
0x000000000a927000 	/usr/lib/system/liblaunch.dylib
0x000000000a927000 	/usr/lib/system/libmacho.dylib
0x000000000a927000 	/usr/lib/system/libquarantine.dylib
0x000000000a927000 	/usr/lib/system/libremovefile.dylib
0x000000000a927000 	/usr/lib/system/libsystem_asl.dylib
0x000000000a927000 	/usr/lib/system/libsystem_blocks.dylib
0x000000000a927000 	/usr/lib/system/libsystem_c.dylib
0x000000000a927000 	/usr/lib/system/libsystem_configuration.dylib
0x000000000a927000 	/usr/lib/system/libsystem_coreservices.dylib
0x000000000a927000 	/usr/lib/system/libsystem_coretls.dylib
0x000000000a927000 	/usr/lib/system/libsystem_dnssd.dylib
0x000000000a927000 	/usr/lib/system/libsystem_info.dylib
0x000000000a927000 	/usr/lib/system/libsystem_kernel.dylib
0x000000000a927000 	/usr/lib/system/libsystem_m.dylib
0x000000000a927000 	/usr/lib/system/libsystem_malloc.dylib
0x000000000a927000 	/usr/lib/system/libsystem_network.dylib
0x000000000a927000 	/usr/lib/system/libsystem_networkextension.dylib
0x000000000a927000 	/usr/lib/system/libsystem_notify.dylib
0x000000000a927000 	/usr/lib/system/libsystem_platform.dylib
0x000000000a927000 	/usr/lib/system/libsystem_pthread.dylib
0x000000000a927000 	/usr/lib/system/libsystem_sandbox.dylib
0x000000000a927000 	/usr/lib/system/libsystem_secinit.dylib
0x000000000a927000 	/usr/lib/system/libsystem_trace.dylib
0x000000000a927000 	/usr/lib/system/libunc.dylib
0x000000000a927000 	/usr/lib/system/libunwind.dylib
0x000000000a927000 	/usr/lib/system/libxpc.dylib
0x000000000a927000 	/usr/lib/libenergytrace.dylib
0x000000000a927000 	/usr/lib/libbsm.0.dylib
0x000000000a927000 	/usr/lib/system/libkxld.dylib
0x000000000a927000 	/usr/lib/libxar.1.dylib
0x000000000a927000 	/usr/lib/libsqlite3.dylib
0x000000000a927000 	/usr/lib/libpam.2.dylib
0x000000000a927000 	/usr/lib/libOpenScriptingUtil.dylib
0x000000000a927000 	/usr/lib/libbz2.1.0.dylib
0x000000000a927000 	/usr/lib/liblzma.5.dylib
0x000000000a927000 	/System/Library/Frameworks/CoreServices.framework/Versions/A/Frameworks/FSEvents.framework/Versions/A/FSEvents
0x000000000a927000 	/System/Library/Frameworks/CoreServices.framework/Versions/A/Frameworks/CarbonCore.framework/Versions/A/CarbonCore
0x000000000a927000 	/System/Library/Frameworks/CoreServices.framework/Versions/A/Frameworks/Metadata.framework/Versions/A/Metadata
0x000000000a927000 	/System/Library/Frameworks/CoreServices.framework/Versions/A/Frameworks/OSServices.framework/Versions/A/OSServices
0x000000000a927000 	/System/Library/Frameworks/CoreServices.framework/Versions/A/Frameworks/SearchKit.framework/Versions/A/SearchKit
0x000000000a927000 	/System/Library/Frameworks/CoreServices.framework/Versions/A/Frameworks/AE.framework/Versions/A/AE
0x000000000a927000 	/System/Library/Frameworks/CoreServices.framework/Versions/A/Frameworks/LaunchServices.framework/Versions/A/LaunchServices
0x000000000a927000 	/System/Library/Frameworks/CoreServices.framework/Versions/A/Frameworks/DictionaryServices.framework/Versions/A/DictionaryServices
0x000000000a927000 	/System/Library/Frameworks/CoreServices.framework/Versions/A/Frameworks/SharedFileList.framework/Versions/A/SharedFileList
0x000000000a927000 	/System/Library/Frameworks/NetFS.framework/Versions/A/NetFS
0x000000000a927000 	/System/Library/PrivateFrameworks/NetAuth.framework/Versions/A/NetAuth
0x000000000a927000 	/System/Library/PrivateFrameworks/login.framework/Versions/A/Frameworks/loginsupport.framework/Versions/A/loginsupport
0x000000000a927000 	/System/Library/PrivateFrameworks/TCC.framework/Versions/A/TCC
0x000000000a927000 	/usr/lib/libmecabra.dylib
0x000000000a927000 	/System/Library/Frameworks/ApplicationServices.framework/Versions/A/Frameworks/ATS.framework/Versions/A/ATS
0x000000000a927000 	/System/Library/Frameworks/ApplicationServices.framework/Versions/A/Frameworks/ColorSync.framework/Versions/A/ColorSync
0x000000000a927000 	/System/Library/Frameworks/ApplicationServices.framework/Versions/A/Frameworks/HIServices.framework/Versions/A/HIServices
0x000000000a927000 	/System/Library/Frameworks/ApplicationServices.framework/Versions/A/Frameworks/LangAnalysis.framework/Versions/A/LangAnalysis
0x000000000a927000 	/System/Library/Frameworks/ApplicationServices.framework/Versions/A/Frameworks/PrintCore.framework/Versions/A/PrintCore
0x000000000a927000 	/System/Library/Frameworks/ApplicationServices.framework/Versions/A/Frameworks/QD.framework/Versions/A/QD
0x000000000a927000 	/System/Library/Frameworks/ApplicationServices.framework/Versions/A/Frameworks/SpeechSynthesis.framework/Versions/A/SpeechSynthesis
0x000000000a927000 	/System/Library/Frameworks/Metal.framework/Versions/A/Metal
0x000000000a927000 	/System/Library/Frameworks/Accelerate.framework/Versions/A/Frameworks/vImage.framework/Versions/A/vImage
0x000000000a927000 	/System/Library/Frameworks/Accelerate.framework/Versions/A/Frameworks/vecLib.framework/Versions/A/vecLib
0x000000000a927000 	/System/Library/Frameworks/Accelerate.framework/Versions/A/Frameworks/vecLib.framework/Versions/A/libvDSP.dylib
0x000000000a927000 	/System/Library/Frameworks/Accelerate.framework/Versions/A/Frameworks/vecLib.framework/Versions/A/libvMisc.dylib
0x000000000a927000 	/System/Library/Frameworks/Accelerate.framework/Versions/A/Frameworks/vecLib.framework/Versions/A/libLAPACK.dylib
0x000000000a927000 	/System/Library/Frameworks/Accelerate.framework/Versions/A/Frameworks/vecLib.framework/Versions/A/libBLAS.dylib
0x000000000a927000 	/System/Library/Frameworks/Accelerate.framework/Versions/A/Frameworks/vecLib.framework/Versions/A/libLinearAlgebra.dylib
0x000000000a927000 	/System/Library/Frameworks/Accelerate.framework/Versions/A/Frameworks/vecLib.framework/Versions/A/libSparseBLAS.dylib
0x000000000a927000 	/System/Library/PrivateFrameworks/GPUCompiler.framework/libmetal_timestamp.dylib
0x000000000a927000 	/System/Library/Frameworks/OpenGL.framework/Versions/A/Libraries/libCoreFSCache.dylib
0x000000000a927000 	/System/Library/PrivateFrameworks/IOAccelerator.framework/Versions/A/IOAccelerator
0x000000000a927000 	/System/Library/Frameworks/ApplicationServices.framework/Versions/A/Frameworks/ATS.framework/Versions/A/Resources/libFontParser.dylib
0x000000000a927000 	/System/Library/Frameworks/ApplicationServices.framework/Versions/A/Frameworks/ATS.framework/Versions/A/Resources/libFontRegistry.dylib
0x000000000a927000 	/System/Library/PrivateFrameworks/AppleVPA.framework/Versions/A/AppleVPA
0x000000000a927000 	/System/Library/PrivateFrameworks/AppleJPEG.framework/Versions/A/AppleJPEG
0x000000000a927000 	/System/Library/Frameworks/ImageIO.framework/Versions/A/Resources/libJPEG.dylib
0x000000000a927000 	/System/Library/Frameworks/ImageIO.framework/Versions/A/Resources/libTIFF.dylib
0x000000000a927000 	/System/Library/Frameworks/ImageIO.framework/Versions/A/Resources/libPng.dylib
0x000000000a927000 	/System/Library/Frameworks/ImageIO.framework/Versions/A/Resources/libGIF.dylib
0x000000000a927000 	/System/Library/Frameworks/ImageIO.framework/Versions/A/Resources/libJP2.dylib
0x000000000a927000 	/System/Library/Frameworks/ImageIO.framework/Versions/A/Resources/libRadiance.dylib
0x000000000a927000 	/System/Library/Frameworks/CoreVideo.framework/Versions/A/CoreVideo
0x000000000a927000 	/System/Library/Frameworks/OpenGL.framework/Versions/A/Libraries/libGLU.dylib
0x000000000a927000 	/System/Library/Frameworks/OpenGL.framework/Versions/A/Libraries/libGFXShared.dylib
0x000000000a927000 	/System/Library/Frameworks/OpenGL.framework/Versions/A/Libraries/libGL.dylib
0x000000000a927000 	/System/Library/Frameworks/OpenGL.framework/Versions/A/Libraries/libGLImage.dylib
0x000000000a927000 	/System/Library/Frameworks/OpenGL.framework/Versions/A/Libraries/libCVMSPluginSupport.dylib
0x000000000a927000 	/System/Library/Frameworks/OpenGL.framework/Versions/A/Libraries/libCoreVMClient.dylib
0x000000000a927000 	/usr/lib/libcups.2.dylib
0x000000000a927000 	/System/Library/Frameworks/Kerberos.framework/Versions/A/Kerberos
0x000000000a927000 	/System/Library/Frameworks/GSS.framework/Versions/A/GSS
0x000000000a927000 	/usr/lib/libresolv.9.dylib
0x000000000a927000 	/usr/lib/libiconv.2.dylib
0x000000000a927000 	/System/Library/PrivateFrameworks/Heimdal.framework/Versions/A/Heimdal
0x000000000a927000 	/usr/lib/libheimdal-asn1.dylib
0x000000000a927000 	/System/Library/Frameworks/OpenDirectory.framework/Versions/A/OpenDirectory
0x000000000a927000 	/System/Library/PrivateFrameworks/CommonAuth.framework/Versions/A/CommonAuth
0x000000000a927000 	/System/Library/Frameworks/OpenDirectory.framework/Versions/A/Frameworks/CFOpenDirectory.framework/Versions/A/CFOpenDirectory
0x000000000a927000 	/System/Library/Frameworks/SecurityFoundation.framework/Versions/A/SecurityFoundation
0x000000000a927000 	/System/Library/PrivateFrameworks/LanguageModeling.framework/Versions/A/LanguageModeling
0x000000000a927000 	/usr/lib/libmarisa.dylib
0x000000000a927000 	/usr/lib/libChineseTokenizer.dylib
0x000000000a927000 	/usr/lib/libcmph.dylib
0x000000000a927000 	/usr/lib/libcompression.dylib
0x000000000a927000 	/System/Library/Frameworks/ServiceManagement.framework/Versions/A/ServiceManagement
0x000000000a927000 	/usr/lib/libxslt.1.dylib
0x000000000a927000 	/System/Library/Frameworks/Carbon.framework/Versions/A/Frameworks/Ink.framework/Versions/A/Ink
0x000000000a927000 	/usr/lib/libFosl_dynamic.dylib
0x000000000a927000 	/System/Library/PrivateFrameworks/FaceCore.framework/Versions/A/FaceCore
0x000000000a927000 	/System/Library/Frameworks/OpenCL.framework/Versions/A/OpenCL
0x000000000a927000 	/System/Library/PrivateFrameworks/CrashReporterSupport.framework/Versions/A/CrashReporterSupport
0x000000000a927000 	/System/Library/PrivateFrameworks/IconServices.framework/Versions/A/IconServices
0x000000000a927000 	/System/Library/PrivateFrameworks/Apple80211.framework/Versions/A/Apple80211
0x000000000a927000 	/System/Library/Frameworks/CoreWLAN.framework/Versions/A/CoreWLAN
0x000000000a927000 	/System/Library/Frameworks/IOBluetooth.framework/Versions/A/IOBluetooth
0x000000000a927000 	/System/Library/PrivateFrameworks/CoreWiFi.framework/Versions/A/CoreWiFi
0x000000000a927000 	/System/Library/Frameworks/CoreBluetooth.framework/Versions/A/CoreBluetooth
0x000000000a927000 	/System/Library/PrivateFrameworks/ChunkingLibrary.framework/Versions/A/ChunkingLibrary
0x000000000a927000 	/System/Library/PrivateFrameworks/DebugSymbols.framework/Versions/A/DebugSymbols
0x000000000a927000 	/System/Library/PrivateFrameworks/CoreSymbolication.framework/Versions/A/CoreSymbolication
0x000000000a927000 	/System/Library/PrivateFrameworks/Symbolication.framework/Versions/A/Symbolication
0x000000000a927000 	/System/Library/PrivateFrameworks/SpeechRecognitionCore.framework/Versions/A/SpeechRecognitionCore
0x0000000108000000 	/Library/Java/JavaVirtualMachines/jdk1.8.0_25.jdk/Contents/Home/jre/lib/server/libjvm.dylib
0x000000000a927000 	/usr/lib/libstdc++.6.dylib
0x0000000107638000 	/Library/Java/JavaVirtualMachines/jdk1.8.0_25.jdk/Contents/Home/jre/lib/libverify.dylib
0x0000000107646000 	/Library/Java/JavaVirtualMachines/jdk1.8.0_25.jdk/Contents/Home/jre/lib/libjava.dylib
0x000000010767b000 	/Library/Java/JavaVirtualMachines/jdk1.8.0_25.jdk/Contents/Home/jre/lib/libjdwp.dylib
0x00000001076c6000 	/Library/Java/JavaVirtualMachines/jdk1.8.0_25.jdk/Contents/Home/jre/lib/libnpt.dylib
0x00000001076d3000 	/Library/Java/JavaVirtualMachines/jdk1.8.0_25.jdk/Contents/Home/jre/lib/libzip.dylib
0x000000011c205000 	/System/Library/Frameworks/JavaVM.framework/Frameworks/JavaRuntimeSupport.framework/JavaRuntimeSupport
0x00000001077ea000 	/System/Library/Frameworks/JavaVM.framework/Versions/A/Frameworks/JavaNativeFoundation.framework/Versions/A/JavaNativeFoundation
0x000000011c220000 	/System/Library/Frameworks/JavaVM.framework/Versions/A/JavaVM
0x000000000a927000 	/System/Library/Frameworks/Carbon.framework/Versions/A/Carbon
0x000000011c22d000 	/System/Library/PrivateFrameworks/JavaLaunching.framework/Versions/A/JavaLaunching
0x000000000a927000 	/System/Library/Frameworks/Carbon.framework/Versions/A/Frameworks/CommonPanels.framework/Versions/A/CommonPanels
0x000000000a927000 	/System/Library/Frameworks/Carbon.framework/Versions/A/Frameworks/Help.framework/Versions/A/Help
0x000000000a927000 	/System/Library/Frameworks/Carbon.framework/Versions/A/Frameworks/ImageCapture.framework/Versions/A/ImageCapture
0x000000000a927000 	/System/Library/Frameworks/Carbon.framework/Versions/A/Frameworks/OpenScripting.framework/Versions/A/OpenScripting
0x000000000a927000 	/System/Library/Frameworks/Carbon.framework/Versions/A/Frameworks/Print.framework/Versions/A/Print
0x000000000a927000 	/System/Library/Frameworks/Carbon.framework/Versions/A/Frameworks/SecurityHI.framework/Versions/A/SecurityHI
0x000000011db4e000 	/Library/Java/JavaVirtualMachines/jdk1.8.0_25.jdk/Contents/Home/jre/lib/libdt_socket.dylib

VM Arguments:
jvm_args: -agentlib:jdwp=transport=dt_socket,address=127.0.0.1:49886,suspend=y,server=n -Dfile.encoding=UTF-8 
java_command: com.nitin.algorithms.MatrixJungle
java_class_path (initial): /Library/Java/JavaVirtualMachines/jdk1.8.0_25.jdk/Contents/Home/jre/lib/charsets.jar:/Library/Java/JavaVirtualMachines/jdk1.8.0_25.jdk/Contents/Home/jre/lib/deploy.jar:/Library/Java/JavaVirtualMachines/jdk1.8.0_25.jdk/Contents/Home/jre/lib/ext/cldrdata.jar:/Library/Java/JavaVirtualMachines/jdk1.8.0_25.jdk/Contents/Home/jre/lib/ext/dnsns.jar:/Library/Java/JavaVirtualMachines/jdk1.8.0_25.jdk/Contents/Home/jre/lib/ext/jfxrt.jar:/Library/Java/JavaVirtualMachines/jdk1.8.0_25.jdk/Contents/Home/jre/lib/ext/localedata.jar:/Library/Java/JavaVirtualMachines/jdk1.8.0_25.jdk/Contents/Home/jre/lib/ext/nashorn.jar:/Library/Java/JavaVirtualMachines/jdk1.8.0_25.jdk/Contents/Home/jre/lib/ext/sunec.jar:/Library/Java/JavaVirtualMachines/jdk1.8.0_25.jdk/Contents/Home/jre/lib/ext/sunjce_provider.jar:/Library/Java/JavaVirtualMachines/jdk1.8.0_25.jdk/Contents/Home/jre/lib/ext/sunpkcs11.jar:/Library/Java/JavaVirtualMachines/jdk1.8.0_25.jdk/Contents/Home/jre/lib/ext/zipfs.jar:/Library/Java/JavaVirtualMachines/jdk1.8.0_25.jdk/Contents/Home/jre/lib/javaws.jar:/Library/Java/JavaVirtualMachines/jdk1.8.0_25.jdk/Contents/Home/jre/lib/jce.jar:/Library/Java/JavaVirtualMachines/jdk1.8.0_25.jdk/Contents/Home/jre/lib/jfr.jar:/Library/Java/JavaVirtualMachines/jdk1.8.0_25.jdk/Contents/Home/jre/lib/jfxswt.jar:/Library/Java/JavaVirtualMachines/jdk1.8.0_25.jdk/Contents/Home/jre/lib/jsse.jar:/Library/Java/JavaVirtualMachines/jdk1.8.0_25.jdk/Contents/Home/jre/lib/management-agent.jar:/Library/Java/JavaVirtualMachines/jdk1.8.0_25.jdk/Contents/Home/jre/lib/plugin.jar:/Library/Java/JavaVirtualMachines/jdk1.8.0_25.jdk/Contents/Home/jre/lib/resources.jar:/Library/Java/JavaVirtualMachines/jdk1.8.0_25.jdk/Contents/Home/jre/lib/rt.jar:/Library/Java/JavaVirtualMachines/jdk1.8.0_25.jdk/Contents/Home/lib/ant-javafx.jar:/Library/Java/JavaVirtualMachines/jdk1.8.0_25.jdk/Contents/Home/lib/dt.jar:/Library/Java/JavaVirtualMachines/jdk1.8.0_25.jdk/Contents/Home/lib/javafx-mx.jar:/Library/Java/Jav
Launcher Type: SUN_STANDARD

Environment Variables:
PATH=/Users/harash/Downloads/cocos2d-x-3.3rc0/tools/cocos2d-console/bin:/usr/bin:/bin:/usr/sbin:/sbin:/usr/local/bin:/usr/local/git/bin
SHELL=/bin/bash

Signal Handlers:
SIGSEGV: [libjvm.dylib+0x579dc7], sa_mask[0]=11111111011111110111111111111111, sa_flags=SA_ONSTACK|SA_RESTART|SA_SIGINFO
SIGBUS: [libjvm.dylib+0x579dc7], sa_mask[0]=11111111011111110111111111111111, sa_flags=SA_RESTART|SA_SIGINFO
SIGFPE: [libjvm.dylib+0x45b030], sa_mask[0]=11111111011111110111111111111111, sa_flags=SA_RESTART|SA_SIGINFO
SIGPIPE: [libjvm.dylib+0x45b030], sa_mask[0]=11111111011111110111111111111111, sa_flags=SA_RESTART|SA_SIGINFO
SIGXFSZ: [libjvm.dylib+0x45b030], sa_mask[0]=11111111011111110111111111111111, sa_flags=SA_RESTART|SA_SIGINFO
SIGILL: [libjvm.dylib+0x45b030], sa_mask[0]=11111111011111110111111111111111, sa_flags=SA_RESTART|SA_SIGINFO
SIGUSR1: SIG_DFL, sa_mask[0]=00000000000000000000000000000000, sa_flags=none
SIGUSR2: [libjvm.dylib+0x45ab4e], sa_mask[0]=00100000000000000000000000000000, sa_flags=SA_RESTART|SA_SIGINFO
SIGHUP: [libjvm.dylib+0x459121], sa_mask[0]=11111111011111110111111111111111, sa_flags=SA_RESTART|SA_SIGINFO
SIGINT: [libjvm.dylib+0x459121], sa_mask[0]=11111111011111110111111111111111, sa_flags=SA_RESTART|SA_SIGINFO
SIGTERM: [libjvm.dylib+0x459121], sa_mask[0]=11111111011111110111111111111111, sa_flags=SA_RESTART|SA_SIGINFO
SIGQUIT: [libjvm.dylib+0x459121], sa_mask[0]=11111111011111110111111111111111, sa_flags=SA_RESTART|SA_SIGINFO


---------------  S Y S T E M  ---------------

OS:Bsduname:Darwin 15.3.0 Darwin Kernel Version 15.3.0: Thu Dec 10 18:40:58 PST 2015; root:xnu-3248.30.4~1/RELEASE_X86_64 x86_64
rlimit: STACK 8192k, CORE 0k, NPROC 709, NOFILE 10240, AS infinity
load average:2.40 2.59 2.22

CPU:total 4 (2 cores per cpu, 2 threads per core) family 6 model 58 stepping 9, cmov, cx8, fxsr, mmx, sse, sse2, sse3, ssse3, sse4.1, sse4.2, popcnt, avx, aes, clmul, erms, ht, tsc, tscinvbit, tscinv

Memory: 4k page, physical 4194304k(167740k free)

/proc/meminfo:


vm_info: Java HotSpot(TM) 64-Bit Server VM (25.25-b02) for bsd-amd64 JRE (1.8.0_25-b17), built on Sep 17 2014 16:56:50 by "java_re" with gcc 4.2.1 (Based on Apple Inc. build 5658) (LLVM build 2336.11.00)

time: Tue Mar 29 15:42:07 2016
elapsed time: 976 seconds (0d 0h 16m 16s)

